<?xml version="1.0" encoding="UTF-8"?>
<testng-results skipped="0" failed="0" ignored="0" total="1" passed="1">
  <reporter-output>
  </reporter-output>
  <suite name="Default suite" duration-ms="24208" started-at="2020-05-13T22:36:07 EDT" finished-at="2020-05-13T22:36:31 EDT">
    <groups>
    </groups>
    <test name="Default test" duration-ms="24208" started-at="2020-05-13T22:36:07 EDT" finished-at="2020-05-13T22:36:31 EDT">
      <class name="testng.AmazonTitleTest">
        <test-method status="PASS" signature="beforeTest()[pri:0, instance:testng.AmazonTitleTest@6325a3ee]" name="beforeTest" is-config="true" duration-ms="11386" started-at="2020-05-13T22:36:07 EDT" finished-at="2020-05-13T22:36:18 EDT">
          <reporter-output>
          </reporter-output>
        </test-method> <!-- beforeTest -->
        <test-method status="PASS" signature="VerifyTitle()[pri:0, instance:testng.AmazonTitleTest@6325a3ee]" name="VerifyTitle" duration-ms="8519" started-at="2020-05-13T22:36:18 EDT" finished-at="2020-05-13T22:36:27 EDT">
          <reporter-output>
          </reporter-output>
        </test-method> <!-- VerifyTitle -->
        <test-method status="PASS" signature="afterTest()[pri:0, instance:testng.AmazonTitleTest@6325a3ee]" name="afterTest" is-config="true" duration-ms="4181" started-at="2020-05-13T22:36:27 EDT" finished-at="2020-05-13T22:36:31 EDT">
          <reporter-output>
          </reporter-output>
        </test-method> <!-- afterTest -->
      </class> <!-- testng.AmazonTitleTest -->
    </test> <!-- Default test -->
  </suite> <!-- Default suite -->
</testng-results>
